<?xml version="1.0" encoding="UTF-8"?>
<testsuite name="coffee.michel.usermanager.domain.service.SubjectServiceTest" tests="9" skipped="0" failures="0" errors="0" timestamp="2022-04-08T08:00:21" hostname="coffee-book.localdomain" time="0.047">
  <properties/>
  <testcase name="delete - if the delete of a subject is requested, it must be performed()" classname="coffee.michel.usermanager.domain.service.SubjectServiceTest" time="0.007"/>
  <testcase name="login - when a subject is logging in and their password matches, true must be returned()" classname="coffee.michel.usermanager.domain.service.SubjectServiceTest" time="0.008"/>
  <testcase name="login - when a subject is logging in and their password does not match, false must be returned()" classname="coffee.michel.usermanager.domain.service.SubjectServiceTest" time="0.004"/>
  <testcase name="assignGroupToSubject - if a group is to be assigned to the subject, the subject has to be persisted with the newly assigned group()" classname="coffee.michel.usermanager.domain.service.SubjectServiceTest" time="0.009"/>
  <testcase name="register - when a subject is registered, their password must be encoded()" classname="coffee.michel.usermanager.domain.service.SubjectServiceTest" time="0.004"/>
  <testcase name="getSubject - if a specific subject is requested by its username, it must be returned()" classname="coffee.michel.usermanager.domain.service.SubjectServiceTest" time="0.003"/>
  <testcase name="listAllSubjects - if a list of all subjects is requested but it's empty, the empty result must be returned()" classname="coffee.michel.usermanager.domain.service.SubjectServiceTest" time="0.002"/>
  <testcase name="listAllSubjects - if a list of all subjects is requested, it must be returned()" classname="coffee.michel.usermanager.domain.service.SubjectServiceTest" time="0.003"/>
  <testcase name="getSubject - if a specific subject is requested by its id, it must be returned()" classname="coffee.michel.usermanager.domain.service.SubjectServiceTest" time="0.002"/>
  <system-out><![CDATA[]]></system-out>
  <system-err><![CDATA[]]></system-err>
</testsuite>
