<?xml version="1.0" encoding="UTF-8"?>
<testsuite name="coffee.michel.usermanager.api.SubjectWriteDtoTest" tests="1" skipped="0" failures="0" errors="0" timestamp="2022-04-08T08:00:21" hostname="coffee-book.localdomain" time="0.001">
  <properties/>
  <testcase name="toString - hides password()" classname="coffee.michel.usermanager.api.SubjectWriteDtoTest" time="0.001"/>
  <system-out><![CDATA[]]></system-out>
  <system-err><![CDATA[]]></system-err>
</testsuite>
