<?xml version="1.0" encoding="UTF-8"?>
<testsuite name="coffee.michel.usermanager.api.controller.UserGroupControllerTest" tests="6" skipped="0" failures="0" errors="0" timestamp="2022-04-08T08:00:21" hostname="coffee-book.localdomain" time="0.066">
  <properties/>
  <testcase name="create - when user group is created, its persisted version must be returned()" classname="coffee.michel.usermanager.api.controller.UserGroupControllerTest" time="0.043"/>
  <testcase name="allGroups - when a list of user groups is requested, they must be returned()" classname="coffee.michel.usermanager.api.controller.UserGroupControllerTest" time="0.004"/>
  <testcase name="userGroupById - when a specific user group is requested, it must be returned()" classname="coffee.michel.usermanager.api.controller.UserGroupControllerTest" time="0.003"/>
  <testcase name="allGroups - when a list of user groups is request and the service returns an empty list, an empty result must be returned()" classname="coffee.michel.usermanager.api.controller.UserGroupControllerTest" time="0.002"/>
  <testcase name="delete - when a subject is deleted but it doesn't exist, a response with status code 230 must be returned()" classname="coffee.michel.usermanager.api.controller.UserGroupControllerTest" time="0.006"/>
  <testcase name="delete - when a subject is deleted, a response with status code 204 must be returned()" classname="coffee.michel.usermanager.api.controller.UserGroupControllerTest" time="0.004"/>
  <system-out><![CDATA[]]></system-out>
  <system-err><![CDATA[]]></system-err>
</testsuite>
