<?xml version="1.0" encoding="UTF-8"?>
<testsuite name="coffee.michel.usermanager.persistence.storage.SubjectJpaRepositoryStorageTest" tests="10" skipped="0" failures="0" errors="0" timestamp="2022-04-08T08:00:19" hostname="coffee-book.localdomain" time="1.285">
  <properties/>
  <testcase name="get - when a Subject is requested, it must be returned()" classname="coffee.michel.usermanager.persistence.storage.SubjectJpaRepositoryStorageTest" time="0.919"/>
  <testcase name="get - when a Subject is requested and not found, an exception must be thrown()" classname="coffee.michel.usermanager.persistence.storage.SubjectJpaRepositoryStorageTest" time="0.015"/>
  <testcase name="list - when the repository returns a list of Subjects, they must be returned()" classname="coffee.michel.usermanager.persistence.storage.SubjectJpaRepositoryStorageTest" time="0.217"/>
  <testcase name="delete()" classname="coffee.michel.usermanager.persistence.storage.SubjectJpaRepositoryStorageTest" time="0.04"/>
  <testcase name="persist - when a Subject is persisted, it must return the persisted entity()" classname="coffee.michel.usermanager.persistence.storage.SubjectJpaRepositoryStorageTest" time="0.04"/>
  <testcase name="persist - when a Subject is persisted and a constraint was violated, an exception must be thrown()" classname="coffee.michel.usermanager.persistence.storage.SubjectJpaRepositoryStorageTest" time="0.016"/>
  <testcase name="getByName - when a Subject is requested and not found, an exception must be thrown()" classname="coffee.michel.usermanager.persistence.storage.SubjectJpaRepositoryStorageTest" time="0.02"/>
  <testcase name="list - when the repository returns an empty list of Subjects, an empty list must be returned()" classname="coffee.michel.usermanager.persistence.storage.SubjectJpaRepositoryStorageTest" time="0.003"/>
  <testcase name="getByName - when a Subject is requested, it must be returned()" classname="coffee.michel.usermanager.persistence.storage.SubjectJpaRepositoryStorageTest" time="0.003"/>
  <testcase name="delete - when a Subject should be deleted but was not found, an exception must be thrown()" classname="coffee.michel.usermanager.persistence.storage.SubjectJpaRepositoryStorageTest" time="0.003"/>
  <system-out><![CDATA[]]></system-out>
  <system-err><![CDATA[]]></system-err>
</testsuite>
