<?xml version="1.0" encoding="UTF-8"?>
<testsuite name="coffee.michel.usermanager.api.controller.SubjectControllerTest" tests="9" skipped="0" failures="0" errors="0" timestamp="2022-04-08T08:00:21" hostname="coffee-book.localdomain" time="0.178">
  <properties/>
  <testcase name="register - when a subject is registered, the newly persisted subject must be returned()" classname="coffee.michel.usermanager.api.controller.SubjectControllerTest" time="0.103"/>
  <testcase name="assignGroup - when a user group is assigned to a subject, the modified subject must be returned()" classname="coffee.michel.usermanager.api.controller.SubjectControllerTest" time="0.004"/>
  <testcase name="login - when the user logs in and the authentication is successful, the http status 200 must be returned along with the jwt()" classname="coffee.michel.usermanager.api.controller.SubjectControllerTest" time="0.037"/>
  <testcase name="allUsers - when a list of users is request and the service returns an empty list, an empty result must be returned()" classname="coffee.michel.usermanager.api.controller.SubjectControllerTest" time="0.002"/>
  <testcase name="userById - when a specific user is requested, it must be returned()" classname="coffee.michel.usermanager.api.controller.SubjectControllerTest" time="0.004"/>
  <testcase name="allUsers - when a list of users is requested, they must be returned()" classname="coffee.michel.usermanager.api.controller.SubjectControllerTest" time="0.004"/>
  <testcase name="delete - when a subject is deleted but it doesn't exist, a response with status code 230 must be returned()" classname="coffee.michel.usermanager.api.controller.SubjectControllerTest" time="0.009"/>
  <testcase name="login - when the user logs in and the authentication is fails, the http status 401 must be returned()" classname="coffee.michel.usermanager.api.controller.SubjectControllerTest" time="0.005"/>
  <testcase name="delete - when a subject is deleted, a response with status code 204 must be returned()" classname="coffee.michel.usermanager.api.controller.SubjectControllerTest" time="0.005"/>
  <system-out><![CDATA[]]></system-out>
  <system-err><![CDATA[]]></system-err>
</testsuite>
