<?xml version="1.0" encoding="UTF-8"?>
<testsuite name="coffee.michel.usermanager.domain.service.UserGroupServiceTest" tests="5" skipped="0" failures="0" errors="0" timestamp="2022-04-08T08:00:21" hostname="coffee-book.localdomain" time="0.021">
  <properties/>
  <testcase name="createUserGroup - when a user group is persisted, its persisted version must be returned()" classname="coffee.michel.usermanager.domain.service.UserGroupServiceTest" time="0.007"/>
  <testcase name="deleteUserGroup - when a user group is to be deleted, the delete must be performed()" classname="coffee.michel.usermanager.domain.service.UserGroupServiceTest" time="0.003"/>
  <testcase name="listAllUserGroups - when a list of all user groups is requested but its empty, the empty result must be returned()" classname="coffee.michel.usermanager.domain.service.UserGroupServiceTest" time="0.002"/>
  <testcase name="listAllUserGroups - when a list of all user groups is requested, it must be returned()" classname="coffee.michel.usermanager.domain.service.UserGroupServiceTest" time="0.003"/>
  <testcase name="getUserGroup - when a specific user group is requested, it must be returned()" classname="coffee.michel.usermanager.domain.service.UserGroupServiceTest" time="0.004"/>
  <system-out><![CDATA[]]></system-out>
  <system-err><![CDATA[]]></system-err>
</testsuite>
